  ZombieArena.cpp
c:\users\cody\documents\sfml games\projects\zombie arena\zombiearena\zombiearena\zombiearena.cpp(28): warning C4244: '=': conversion from 'unsigned int' to 'T', possible loss of data
          with
          [
              T=float
          ]
c:\users\cody\documents\sfml games\projects\zombie arena\zombiearena\zombiearena\zombiearena.cpp(29): warning C4244: '=': conversion from 'unsigned int' to 'T', possible loss of data
          with
          [
              T=float
          ]
c:\users\cody\documents\sfml games\projects\zombie arena\zombiearena\zombiearena\zombiearena.cpp(30): warning C4244: 'argument': conversion from 'T' to 'unsigned int', possible loss of data
          with
          [
              T=float
          ]
c:\users\cody\documents\sfml games\projects\zombie arena\zombiearena\zombiearena\zombiearena.cpp(517): warning C4244: 'argument': conversion from 'int' to 'T', possible loss of data
          with
          [
              T=float
          ]
  ZombieArena.vcxproj -> C:\Users\Cody\Documents\SFML Games\Projects\Zombie Arena\ZombieArena\Debug\ZombieArena.exe
